<?xml version="1.0" encoding="UTF-8"?>
<!-- Generated by org.testng.reporters.JUnitXMLReporter -->
<testsuite ignored="0" hostname="WIN-Q9T2T1OMH5S" failures="1" tests="2" name="LoginTests" time="57.299" errors="0" timestamp="2025-11-24T22:19:33 IST">
  <testcase classname="tests.LoginTests" name="invalidLoginTest" time="0.92"/>
  <testcase classname="tests.LoginTests" name="validLoginTest" time="0.607">
    <failure type="java.lang.AssertionError" message="User did not navigate to login page expected [true] but found [false]">
      <![CDATA[java.lang.AssertionError: User did not navigate to login page expected [true] but found [false]
at tests.LoginTests.validLoginTest(LoginTests.java:17)
at java.base/java.util.ArrayList.forEach(ArrayList.java:1511)
... Removed 30 stack frames]]>
    </failure>
  </testcase> <!-- validLoginTest -->
</testsuite> <!-- LoginTests -->
