<?xml version="1.0" encoding="UTF-8"?>
<testng-results ignored="0" total="2" passed="2" failed="0" skipped="0">
  <reporter-output>
  </reporter-output>
  <suite started-at="2025-11-22T13:23:02 IST" name="Suite" finished-at="2025-11-22T13:24:20 IST" duration-ms="77896">
    <groups>
    </groups>
    <test started-at="2025-11-22T13:23:02 IST" name="LoginTests" finished-at="2025-11-22T13:24:20 IST" duration-ms="77896">
      <class name="tests.LoginTests">
        <test-method is-config="true" signature="setUp()[pri:0, instance:tests.LoginTests@4218d6a3]" started-at="2025-11-22T13:23:02 IST" name="setUp" finished-at="2025-11-22T13:23:43 IST" duration-ms="40369" status="PASS">
          <reporter-output>
          </reporter-output>
        </test-method> <!-- setUp -->
        <test-method signature="invalidLoginTest()[pri:0, instance:tests.LoginTests@4218d6a3]" started-at="2025-11-22T13:23:43 IST" name="invalidLoginTest" finished-at="2025-11-22T13:23:43 IST" duration-ms="330" status="PASS">
          <reporter-output>
          </reporter-output>
        </test-method> <!-- invalidLoginTest -->
        <test-method is-config="true" signature="tearDown()[pri:0, instance:tests.LoginTests@4218d6a3]" started-at="2025-11-22T13:23:43 IST" name="tearDown" finished-at="2025-11-22T13:23:46 IST" duration-ms="3107" status="PASS">
          <reporter-output>
          </reporter-output>
        </test-method> <!-- tearDown -->
        <test-method is-config="true" signature="setUp()[pri:0, instance:tests.LoginTests@4218d6a3]" started-at="2025-11-22T13:23:46 IST" name="setUp" finished-at="2025-11-22T13:24:01 IST" duration-ms="15209" status="PASS">
          <reporter-output>
          </reporter-output>
        </test-method> <!-- setUp -->
        <test-method signature="validLoginTest()[pri:0, instance:tests.LoginTests@4218d6a3]" started-at="2025-11-22T13:24:01 IST" name="validLoginTest" finished-at="2025-11-22T13:24:02 IST" duration-ms="311" status="PASS">
          <reporter-output>
          </reporter-output>
        </test-method> <!-- validLoginTest -->
        <test-method is-config="true" signature="tearDown()[pri:0, instance:tests.LoginTests@4218d6a3]" started-at="2025-11-22T13:24:02 IST" name="tearDown" finished-at="2025-11-22T13:24:20 IST" duration-ms="18513" status="PASS">
          <reporter-output>
          </reporter-output>
        </test-method> <!-- tearDown -->
      </class> <!-- tests.LoginTests -->
    </test> <!-- LoginTests -->
  </suite> <!-- Suite -->
</testng-results>
